<?xml version="1.0" encoding="UTF-8"?>
<profile xmlns="http://csrc.nist.gov/ns/oscal/1.0" uuid="2a3caa46-b578-42ac-9eaa-3fc519ddd416"
  xmlns:xsi="http://www.w3.org/2001/XMLSchema-instance"
  xsi:schemaLocation="http://csrc.nist.gov/ns/oscal/1.0 oscal_profile_schema.xsd">
  <metadata>
    <title>Ugly Profile</title>
    <last-modified>2021-02-13T13:54:06.778-05:00</last-modified>
    <version>0</version>
    <oscal-version>1.0.0-rc1</oscal-version>
  </metadata>
  <import href="../NIST_SP-800-53_rev5_catalog.xml">
    <include>
      <all/>
    </include>
  </import>
  <import href="some-catalog.xml">
    <include>
      <call control-id="ac-1"/>
      <call control-id="ac-4"/><!-- ac-4 is in rev5 but not LOW -->
    </include>
  </import>
  <import href="../NIST_SP-800-53_rev5_catalog.xml">
    <include>
      <call control-id="ac-1"/>
      <call control-id="as-1"/>
      <call control-id="pm-1"/>
    </include>
  </import>
  <import href="#195f3b83-2783-4f31-9ef9-10ffdd995f2e">
    <include>
      <call control-id="at-1"/>
      <call control-id="unknown"/>
    </include>
  </import>
  <merge>
    
  </merge>
  <back-matter>
    <resource uuid="195f3b83-2783-4f31-9ef9-10ffdd995f2e">
      <rlink href="../NIST_SP-800-53_rev5_catalog.xml"/>
    </resource>
  </back-matter>
</profile>